<?xml version="1.0" encoding="UTF-8"?>
<testng-results ignored="0" total="4" passed="4" failed="0" skipped="0">
  <reporter-output>
  </reporter-output>
  <suite started-at="2024-09-24T16:29:20 IST" name="Default suite" finished-at="2024-09-24T16:30:19 IST" duration-ms="59005">
    <groups>
    </groups>
    <test started-at="2024-09-24T16:29:20 IST" name="Default test" finished-at="2024-09-24T16:30:19 IST" duration-ms="59005">
      <class name="rtCamp.AssignmentTest.rtCampAssignmentScenario">
        <test-method is-config="true" signature="setup(java.lang.String)[pri:0, instance:rtCamp.AssignmentTest.rtCampAssignmentScenario@4c163e3]" started-at="2024-09-24T16:29:20 IST" name="setup" finished-at="2024-09-24T16:29:22 IST" duration-ms="2306" status="PASS">
          <params>
            <param index="0">
              <value>
                <![CDATA[false]]>
              </value>
            </param>
          </params>
          <reporter-output>
          </reporter-output>
        </test-method> <!-- setup -->
        <test-method signature="TC1_VerifyLoginPage_WithValidUsername_ValidPassword()[pri:1, instance:rtCamp.AssignmentTest.rtCampAssignmentScenario@4c163e3]" started-at="2024-09-24T16:29:22 IST" name="TC1_VerifyLoginPage_WithValidUsername_ValidPassword" finished-at="2024-09-24T16:29:28 IST" duration-ms="5777" status="PASS">
          <reporter-output>
          </reporter-output>
        </test-method> <!-- TC1_VerifyLoginPage_WithValidUsername_ValidPassword -->
        <test-method signature="TC2_VerifyTheSortingOrder_displayedForZA_OnAllItemsPage()[pri:2, instance:rtCamp.AssignmentTest.rtCampAssignmentScenario@4c163e3]" started-at="2024-09-24T16:29:28 IST" name="TC2_VerifyTheSortingOrder_displayedForZA_OnAllItemsPage" finished-at="2024-09-24T16:29:32 IST" depends-on-methods="rtCamp.AssignmentTest.rtCampAssignmentScenario.TC1_VerifyLoginPage_WithValidUsername_ValidPassword" duration-ms="4315" status="PASS">
          <reporter-output>
          </reporter-output>
        </test-method> <!-- TC2_VerifyTheSortingOrder_displayedForZA_OnAllItemsPage -->
        <test-method signature="TC3_VerifyTheSortingPriceOrder_displayedForHigh_Low_OnAllItemsPage()[pri:3, instance:rtCamp.AssignmentTest.rtCampAssignmentScenario@4c163e3]" started-at="2024-09-24T16:29:32 IST" name="TC3_VerifyTheSortingPriceOrder_displayedForHigh_Low_OnAllItemsPage" finished-at="2024-09-24T16:29:38 IST" depends-on-methods="rtCamp.AssignmentTest.rtCampAssignmentScenario.TC1_VerifyLoginPage_WithValidUsername_ValidPassword" duration-ms="5394" status="PASS">
          <reporter-output>
          </reporter-output>
        </test-method> <!-- TC3_VerifyTheSortingPriceOrder_displayedForHigh_Low_OnAllItemsPage -->
        <test-method signature="TC4_VerifyToAddMultipleItemsToTheCard_ValidateTheCheckout()[pri:4, instance:rtCamp.AssignmentTest.rtCampAssignmentScenario@4c163e3]" started-at="2024-09-24T16:29:38 IST" name="TC4_VerifyToAddMultipleItemsToTheCard_ValidateTheCheckout" finished-at="2024-09-24T16:30:19 IST" depends-on-methods="rtCamp.AssignmentTest.rtCampAssignmentScenario.TC1_VerifyLoginPage_WithValidUsername_ValidPassword" duration-ms="40943" status="PASS">
          <reporter-output>
          </reporter-output>
        </test-method> <!-- TC4_VerifyToAddMultipleItemsToTheCard_ValidateTheCheckout -->
        <test-method is-config="true" signature="tearDown()[pri:0, instance:rtCamp.AssignmentTest.rtCampAssignmentScenario@4c163e3]" started-at="2024-09-24T16:30:19 IST" name="tearDown" finished-at="2024-09-24T16:30:19 IST" duration-ms="205" status="PASS">
          <reporter-output>
          </reporter-output>
        </test-method> <!-- tearDown -->
      </class> <!-- rtCamp.AssignmentTest.rtCampAssignmentScenario -->
    </test> <!-- Default test -->
  </suite> <!-- Default suite -->
</testng-results>
